{"uuid":"502a7249-f664-4ea4-9f1b-14fe9da19a76","historyId":"c69d31285128efd36b1b50bbdab83b9a","fullName":"RegistrationPage: Validating the Sign up process with all invalid input fields in Sign Up form","labels":[{"name":"host","value":"LAPTOP-K6OMI7N5"},{"name":"thread","value":"6876@LAPTOP-K6OMI7N5.main(1)"},{"name":"feature","value":"RegistrationPage"},{"name":"story","value":"Validating the Sign up process with all invalid input fields in Sign Up form"},{"name":"suite","value":"RegistrationPage"},{"name":"testClass","value":"Validating the Sign up process with all invalid input fields in Sign Up form"},{"name":"framework","value":"cucumber4jvm"},{"name":"language","value":"java"},{"name":"gherkin_uri","value":"file:///C:/Users/Sangeetha/eclipse-workspace/LMS_UI_Team13/./Features/Registration.feature"},{"name":"package","value":"Features.Registration_feature.RegistrationPage"}],"links":[],"name":"Validating the Sign up process with all invalid input fields in Sign Up form","status":"broken","statusDetails":{"known":false,"muted":false,"flaky":false,"message":"Step [User enters First Name as {string} and Last Name as {string} and Mobile Number as {string} and Address as\"{int}\" and Street Name as\"Abbey Road\" and City as \"Windsor\" and State as \"New Jersy\" and Zip as \"{int}\" and Birth date as \"<Birth date>\" and UserName as \"JohnSmith\"and Email as \"john.smith\" and Password as \"hello@{int}\"] is defined with 7 parameters at 'stepDefinitions.RegistrationSteps.user_enters_first_name_as_and_last_name_as_and_mobile_number_as_and_address_as_and_street_name_as_abbey_road_and_city_as_windsor_and_state_as_new_jersy_and_zip_as_and_birth_date_as_birth_date_and_user_name_as_john_smith_and_email_as_john_smith_and_password_as_hello(java.lang.String,java.lang.String,java.lang.String,java.lang.Integer,java.lang.Integer,java.lang.Integer,java.lang.Integer)'.\nHowever, the gherkin step has 6 arguments:\n * \"John\"\n * \"Smith\"\n * \"9064677234\"\n * 68\n * 07843\n * 123\nStep text: User enters First Name as \"John\" and Last Name as \"Smith\" and Mobile Number as \"9064677234\" and Address as\"68\" and Street Name as\"Abbey Road\" and City as \"Windsor\" and State as \"New Jersy\" and Zip as \"07843\" and Birth date as \"<Birth date>\" and UserName as \"JohnSmith\"and Email as \"john.smith\" and Password as \"hello@123\"","trace":"io.cucumber.core.exception.CucumberException: Step [User enters First Name as {string} and Last Name as {string} and Mobile Number as {string} and Address as\"{int}\" and Street Name as\"Abbey Road\" and City as \"Windsor\" and State as \"New Jersy\" and Zip as \"{int}\" and Birth date as \"<Birth date>\" and UserName as \"JohnSmith\"and Email as \"john.smith\" and Password as \"hello@{int}\"] is defined with 7 parameters at 'stepDefinitions.RegistrationSteps.user_enters_first_name_as_and_last_name_as_and_mobile_number_as_and_address_as_and_street_name_as_abbey_road_and_city_as_windsor_and_state_as_new_jersy_and_zip_as_and_birth_date_as_birth_date_and_user_name_as_john_smith_and_email_as_john_smith_and_password_as_hello(java.lang.String,java.lang.String,java.lang.String,java.lang.Integer,java.lang.Integer,java.lang.Integer,java.lang.Integer)'.\nHowever, the gherkin step has 6 arguments:\n * \"John\"\n * \"Smith\"\n * \"9064677234\"\n * 68\n * 07843\n * 123\nStep text: User enters First Name as \"John\" and Last Name as \"Smith\" and Mobile Number as \"9064677234\" and Address as\"68\" and Street Name as\"Abbey Road\" and City as \"Windsor\" and State as \"New Jersy\" and Zip as \"07843\" and Birth date as \"<Birth date>\" and UserName as \"JohnSmith\"and Email as \"john.smith\" and Password as \"hello@123\"\r\n\tat io.cucumber.core.runner.PickleStepDefinitionMatch.arityMismatch(PickleStepDefinitionMatch.java:83)\r\n\tat io.cucumber.core.runner.PickleStepDefinitionMatch.runStep(PickleStepDefinitionMatch.java:42)\r\n\tat io.cucumber.core.runner.ExecutionMode$1.execute(ExecutionMode.java:10)\r\n\tat io.cucumber.core.runner.TestStep.executeStep(TestStep.java:86)\r\n\tat io.cucumber.core.runner.TestStep.run(TestStep.java:57)\r\n\tat io.cucumber.core.runner.PickleStepTestStep.run(PickleStepTestStep.java:51)\r\n\tat io.cucumber.core.runner.TestCase.run(TestCase.java:95)\r\n\tat io.cucumber.core.runner.Runner.runPickle(Runner.java:75)\r\n\tat io.cucumber.junit.PickleRunners$NoStepDescriptions.lambda$run$0(PickleRunners.java:151)\r\n\tat io.cucumber.core.runtime.CucumberExecutionContext.lambda$runTestCase$3(CucumberExecutionContext.java:151)\r\n\tat io.cucumber.core.runtime.RethrowingThrowableCollector.executeAndThrow(RethrowingThrowableCollector.java:23)\r\n\tat io.cucumber.core.runtime.CucumberExecutionContext.runTestCase(CucumberExecutionContext.java:151)\r\n\tat io.cucumber.junit.PickleRunners$NoStepDescriptions.run(PickleRunners.java:148)\r\n\tat io.cucumber.junit.FeatureRunner.runChild(FeatureRunner.java:144)\r\n\tat io.cucumber.junit.FeatureRunner.runChild(FeatureRunner.java:28)\r\n\tat org.junit.runners.ParentRunner$4.run(ParentRunner.java:331)\r\n\tat org.junit.runners.ParentRunner$1.schedule(ParentRunner.java:79)\r\n\tat org.junit.runners.ParentRunner.runChildren(ParentRunner.java:329)\r\n\tat org.junit.runners.ParentRunner.access$100(ParentRunner.java:66)\r\n\tat org.junit.runners.ParentRunner$2.evaluate(ParentRunner.java:293)\r\n\tat org.junit.runners.ParentRunner$3.evaluate(ParentRunner.java:306)\r\n\tat org.junit.runners.ParentRunner.run(ParentRunner.java:413)\r\n\tat io.cucumber.junit.FeatureRunner.run(FeatureRunner.java:137)\r\n\tat io.cucumber.junit.Cucumber.runChild(Cucumber.java:196)\r\n\tat io.cucumber.junit.Cucumber.runChild(Cucumber.java:89)\r\n\tat org.junit.runners.ParentRunner$4.run(ParentRunner.java:331)\r\n\tat org.junit.runners.ParentRunner$1.schedule(ParentRunner.java:79)\r\n\tat org.junit.runners.ParentRunner.runChildren(ParentRunner.java:329)\r\n\tat org.junit.runners.ParentRunner.access$100(ParentRunner.java:66)\r\n\tat org.junit.runners.ParentRunner$2.evaluate(ParentRunner.java:293)\r\n\tat io.cucumber.junit.Cucumber$RunBeforeAllHooks.evaluate(Cucumber.java:266)\r\n\tat io.cucumber.junit.Cucumber$RunAfterAllHooks.evaluate(Cucumber.java:281)\r\n\tat io.cucumber.junit.Cucumber$StartTestRun.evaluate(Cucumber.java:233)\r\n\tat io.cucumber.junit.Cucumber$FinishTestRun.evaluate(Cucumber.java:248)\r\n\tat org.junit.runners.ParentRunner$3.evaluate(ParentRunner.java:306)\r\n\tat org.junit.runners.ParentRunner.run(ParentRunner.java:413)\r\n\tat org.eclipse.jdt.internal.junit4.runner.JUnit4TestReference.run(JUnit4TestReference.java:93)\r\n\tat org.eclipse.jdt.internal.junit.runner.TestExecution.run(TestExecution.java:40)\r\n\tat org.eclipse.jdt.internal.junit.runner.RemoteTestRunner.runTests(RemoteTestRunner.java:529)\r\n\tat org.eclipse.jdt.internal.junit.runner.RemoteTestRunner.runTests(RemoteTestRunner.java:756)\r\n\tat org.eclipse.jdt.internal.junit.runner.RemoteTestRunner.run(RemoteTestRunner.java:452)\r\n\tat org.eclipse.jdt.internal.junit.runner.RemoteTestRunner.main(RemoteTestRunner.java:210)\r\n"},"stage":"finished","steps":[{"name":"Given  User is on the browser","status":"passed","statusDetails":{"known":false,"muted":false,"flaky":false},"stage":"finished","steps":[],"attachments":[],"parameters":[],"start":1664679413189,"stop":1664679413190},{"name":"Then  user should direct to Sign Up page","status":"passed","statusDetails":{"known":false,"muted":false,"flaky":false},"stage":"finished","steps":[],"attachments":[],"parameters":[],"start":1664679413190,"stop":1664679413191},{"name":"When  User enters First Name as \"John\" and Last Name as \"Smith\" and Mobile Number as \"9064677234\" and Address as\"68\" and Street Name as\"Abbey Road\" and City as \"Windsor\" and State as \"New Jersy\" and Zip as \"07843\" and Birth date as \"<Birth date>\" and UserName as \"JohnSmith\"and Email as \"john.smith\" and Password as \"hello@123\"","status":"broken","statusDetails":{"known":false,"muted":false,"flaky":false,"message":"Step [User enters First Name as {string} and Last Name as {string} and Mobile Number as {string} and Address as\"{int}\" and Street Name as\"Abbey Road\" and City as \"Windsor\" and State as \"New Jersy\" and Zip as \"{int}\" and Birth date as \"<Birth date>\" and UserName as \"JohnSmith\"and Email as \"john.smith\" and Password as \"hello@{int}\"] is defined with 7 parameters at 'stepDefinitions.RegistrationSteps.user_enters_first_name_as_and_last_name_as_and_mobile_number_as_and_address_as_and_street_name_as_abbey_road_and_city_as_windsor_and_state_as_new_jersy_and_zip_as_and_birth_date_as_birth_date_and_user_name_as_john_smith_and_email_as_john_smith_and_password_as_hello(java.lang.String,java.lang.String,java.lang.String,java.lang.Integer,java.lang.Integer,java.lang.Integer,java.lang.Integer)'.\nHowever, the gherkin step has 6 arguments:\n * \"John\"\n * \"Smith\"\n * \"9064677234\"\n * 68\n * 07843\n * 123\nStep text: User enters First Name as \"John\" and Last Name as \"Smith\" and Mobile Number as \"9064677234\" and Address as\"68\" and Street Name as\"Abbey Road\" and City as \"Windsor\" and State as \"New Jersy\" and Zip as \"07843\" and Birth date as \"<Birth date>\" and UserName as \"JohnSmith\"and Email as \"john.smith\" and Password as \"hello@123\"","trace":"io.cucumber.core.exception.CucumberException: Step [User enters First Name as {string} and Last Name as {string} and Mobile Number as {string} and Address as\"{int}\" and Street Name as\"Abbey Road\" and City as \"Windsor\" and State as \"New Jersy\" and Zip as \"{int}\" and Birth date as \"<Birth date>\" and UserName as \"JohnSmith\"and Email as \"john.smith\" and Password as \"hello@{int}\"] is defined with 7 parameters at 'stepDefinitions.RegistrationSteps.user_enters_first_name_as_and_last_name_as_and_mobile_number_as_and_address_as_and_street_name_as_abbey_road_and_city_as_windsor_and_state_as_new_jersy_and_zip_as_and_birth_date_as_birth_date_and_user_name_as_john_smith_and_email_as_john_smith_and_password_as_hello(java.lang.String,java.lang.String,java.lang.String,java.lang.Integer,java.lang.Integer,java.lang.Integer,java.lang.Integer)'.\nHowever, the gherkin step has 6 arguments:\n * \"John\"\n * \"Smith\"\n * \"9064677234\"\n * 68\n * 07843\n * 123\nStep text: User enters First Name as \"John\" and Last Name as \"Smith\" and Mobile Number as \"9064677234\" and Address as\"68\" and Street Name as\"Abbey Road\" and City as \"Windsor\" and State as \"New Jersy\" and Zip as \"07843\" and Birth date as \"<Birth date>\" and UserName as \"JohnSmith\"and Email as \"john.smith\" and Password as \"hello@123\"\r\n\tat io.cucumber.core.runner.PickleStepDefinitionMatch.arityMismatch(PickleStepDefinitionMatch.java:83)\r\n\tat io.cucumber.core.runner.PickleStepDefinitionMatch.runStep(PickleStepDefinitionMatch.java:42)\r\n\tat io.cucumber.core.runner.ExecutionMode$1.execute(ExecutionMode.java:10)\r\n\tat io.cucumber.core.runner.TestStep.executeStep(TestStep.java:86)\r\n\tat io.cucumber.core.runner.TestStep.run(TestStep.java:57)\r\n\tat io.cucumber.core.runner.PickleStepTestStep.run(PickleStepTestStep.java:51)\r\n\tat io.cucumber.core.runner.TestCase.run(TestCase.java:95)\r\n\tat io.cucumber.core.runner.Runner.runPickle(Runner.java:75)\r\n\tat io.cucumber.junit.PickleRunners$NoStepDescriptions.lambda$run$0(PickleRunners.java:151)\r\n\tat io.cucumber.core.runtime.CucumberExecutionContext.lambda$runTestCase$3(CucumberExecutionContext.java:151)\r\n\tat io.cucumber.core.runtime.RethrowingThrowableCollector.executeAndThrow(RethrowingThrowableCollector.java:23)\r\n\tat io.cucumber.core.runtime.CucumberExecutionContext.runTestCase(CucumberExecutionContext.java:151)\r\n\tat io.cucumber.junit.PickleRunners$NoStepDescriptions.run(PickleRunners.java:148)\r\n\tat io.cucumber.junit.FeatureRunner.runChild(FeatureRunner.java:144)\r\n\tat io.cucumber.junit.FeatureRunner.runChild(FeatureRunner.java:28)\r\n\tat org.junit.runners.ParentRunner$4.run(ParentRunner.java:331)\r\n\tat org.junit.runners.ParentRunner$1.schedule(ParentRunner.java:79)\r\n\tat org.junit.runners.ParentRunner.runChildren(ParentRunner.java:329)\r\n\tat org.junit.runners.ParentRunner.access$100(ParentRunner.java:66)\r\n\tat org.junit.runners.ParentRunner$2.evaluate(ParentRunner.java:293)\r\n\tat org.junit.runners.ParentRunner$3.evaluate(ParentRunner.java:306)\r\n\tat org.junit.runners.ParentRunner.run(ParentRunner.java:413)\r\n\tat io.cucumber.junit.FeatureRunner.run(FeatureRunner.java:137)\r\n\tat io.cucumber.junit.Cucumber.runChild(Cucumber.java:196)\r\n\tat io.cucumber.junit.Cucumber.runChild(Cucumber.java:89)\r\n\tat org.junit.runners.ParentRunner$4.run(ParentRunner.java:331)\r\n\tat org.junit.runners.ParentRunner$1.schedule(ParentRunner.java:79)\r\n\tat org.junit.runners.ParentRunner.runChildren(ParentRunner.java:329)\r\n\tat org.junit.runners.ParentRunner.access$100(ParentRunner.java:66)\r\n\tat org.junit.runners.ParentRunner$2.evaluate(ParentRunner.java:293)\r\n\tat io.cucumber.junit.Cucumber$RunBeforeAllHooks.evaluate(Cucumber.java:266)\r\n\tat io.cucumber.junit.Cucumber$RunAfterAllHooks.evaluate(Cucumber.java:281)\r\n\tat io.cucumber.junit.Cucumber$StartTestRun.evaluate(Cucumber.java:233)\r\n\tat io.cucumber.junit.Cucumber$FinishTestRun.evaluate(Cucumber.java:248)\r\n\tat org.junit.runners.ParentRunner$3.evaluate(ParentRunner.java:306)\r\n\tat org.junit.runners.ParentRunner.run(ParentRunner.java:413)\r\n\tat org.eclipse.jdt.internal.junit4.runner.JUnit4TestReference.run(JUnit4TestReference.java:93)\r\n\tat org.eclipse.jdt.internal.junit.runner.TestExecution.run(TestExecution.java:40)\r\n\tat org.eclipse.jdt.internal.junit.runner.RemoteTestRunner.runTests(RemoteTestRunner.java:529)\r\n\tat org.eclipse.jdt.internal.junit.runner.RemoteTestRunner.runTests(RemoteTestRunner.java:756)\r\n\tat org.eclipse.jdt.internal.junit.runner.RemoteTestRunner.run(RemoteTestRunner.java:452)\r\n\tat org.eclipse.jdt.internal.junit.runner.RemoteTestRunner.main(RemoteTestRunner.java:210)\r\n"},"stage":"finished","steps":[],"attachments":[],"parameters":[],"start":1664679413191,"stop":1664679413192},{"name":"And  User clicks on SIGN UP Button","status":"skipped","statusDetails":{"known":false,"muted":false,"flaky":false},"stage":"finished","steps":[],"attachments":[],"parameters":[],"start":1664679413193,"stop":1664679413194},{"name":"Then  User should see error \"<Message>\"","status":"skipped","statusDetails":{"known":false,"muted":false,"flaky":false},"stage":"finished","steps":[],"attachments":[],"parameters":[],"start":1664679413194,"stop":1664679413194}],"attachments":[],"parameters":[{"name":"First Name","value":"John"},{"name":"Last Name","value":"Smith"},{"name":"Mobile Number","value":"9064677234"},{"name":"Address","value":"68"},{"name":"Street Name","value":"Abbey Road"},{"name":"City","value":"Windsor"},{"name":"Zip","value":"07843"},{"name":"State","value":"New Jersy"},{"name":"Birth Date","value":"08/04/1990"},{"name":"UserName","value":"JohnSmith"},{"name":"Email","value":"john.smith"},{"name":"Password","value":"hello@123"}],"start":1664679408472,"stop":1664679414430}