{"uuid":"634eab86-daf8-4583-9130-070c2cb9e2a6","historyId":"6e5bfdbd444097e79d495b3c75729772","fullName":"Add User: Click Cancel","labels":[{"name":"host","value":"DESKTOP-HT7K1N7"},{"name":"thread","value":"9376@DESKTOP-HT7K1N7.main(1)"},{"name":"feature","value":"Add User"},{"name":"story","value":"Click Cancel"},{"name":"suite","value":"Add User"},{"name":"testClass","value":"Click Cancel"},{"name":"framework","value":"cucumber4jvm"},{"name":"language","value":"java"},{"name":"gherkin_uri","value":"file:///C:/Users/amity/git/LMS_UI_Team13/./Features/User_Add.feature"},{"name":"package","value":"Features.User_Add_feature.Add User"}],"links":[],"name":"Click Cancel","status":"broken","statusDetails":{"known":false,"muted":false,"flaky":false,"message":"element click intercepted: Element <button _ngcontent-axr-c149=\"\" pbutton=\"\" pripple=\"\" id=\"new\" label=\"Add New User\" icon=\"pi pi-plus\" class=\"p-button-rounded p-button-success p-button p-component\" ng-reflect-label=\"Add New User\" ng-reflect-icon=\"pi pi-plus\">...</button> is not clickable at point (739, 166). Other element would receive the click: <input _ngcontent-axr-c149=\"\" matinput=\"\" formcontrolname=\"lastName\" class=\"mat-input-element mat-form-field-autofill-control ng-tns-c78-11 ng-untouched ng-pristine ng-invalid cdk-text-field-autofill-monitored\" ng-reflect-placeholder=\"Last name\" ng-reflect-name=\"lastName\" id=\"mat-input-4\" data-placeholder=\"Last name\" aria-invalid=\"false\" aria-required=\"false\">\n  (Session info: chrome=105.0.5195.127)\nBuild info: version: '4.2.1', revision: 'ac4d0fdd4a'\nSystem info: host: 'DESKTOP-HT7K1N7', ip: '192.168.1.205', os.name: 'Windows 11', os.arch: 'amd64', os.version: '10.0', java.version: '18.0.1'\nDriver info: org.openqa.selenium.chrome.ChromeDriver\nCommand: [3ff31d4cf6222276826df418cbb36f27, clickElement {id=ac10813e-513e-4735-b7a0-de607adaa7fb}]\nCapabilities {acceptInsecureCerts: false, browserName: chrome, browserVersion: 105.0.5195.127, chrome: {chromedriverVersion: 105.0.5195.52 (412c95e51883..., userDataDir: C:\\Users\\amity\\AppData\\Loca...}, goog:chromeOptions: {debuggerAddress: localhost:1520}, networkConnectionEnabled: false, pageLoadStrategy: normal, platformName: WINDOWS, proxy: Proxy(), se:cdp: ws://localhost:1520/devtool..., se:cdpVersion: 105.0.5195.127, setWindowRect: true, strictFileInteractability: false, timeouts: {implicit: 0, pageLoad: 300000, script: 30000}, unhandledPromptBehavior: dismiss and notify, webauthn:extension:credBlob: true, webauthn:extension:largeBlob: true, webauthn:virtualAuthenticators: true}\nElement: [[ChromeDriver: chrome on WINDOWS (3ff31d4cf6222276826df418cbb36f27)] -> xpath: //button[@id='new']]\nSession ID: 3ff31d4cf6222276826df418cbb36f27","trace":"org.openqa.selenium.ElementClickInterceptedException: element click intercepted: Element <button _ngcontent-axr-c149=\"\" pbutton=\"\" pripple=\"\" id=\"new\" label=\"Add New User\" icon=\"pi pi-plus\" class=\"p-button-rounded p-button-success p-button p-component\" ng-reflect-label=\"Add New User\" ng-reflect-icon=\"pi pi-plus\">...</button> is not clickable at point (739, 166). Other element would receive the click: <input _ngcontent-axr-c149=\"\" matinput=\"\" formcontrolname=\"lastName\" class=\"mat-input-element mat-form-field-autofill-control ng-tns-c78-11 ng-untouched ng-pristine ng-invalid cdk-text-field-autofill-monitored\" ng-reflect-placeholder=\"Last name\" ng-reflect-name=\"lastName\" id=\"mat-input-4\" data-placeholder=\"Last name\" aria-invalid=\"false\" aria-required=\"false\">\n  (Session info: chrome=105.0.5195.127)\nBuild info: version: '4.2.1', revision: 'ac4d0fdd4a'\nSystem info: host: 'DESKTOP-HT7K1N7', ip: '192.168.1.205', os.name: 'Windows 11', os.arch: 'amd64', os.version: '10.0', java.version: '18.0.1'\nDriver info: org.openqa.selenium.chrome.ChromeDriver\nCommand: [3ff31d4cf6222276826df418cbb36f27, clickElement {id=ac10813e-513e-4735-b7a0-de607adaa7fb}]\nCapabilities {acceptInsecureCerts: false, browserName: chrome, browserVersion: 105.0.5195.127, chrome: {chromedriverVersion: 105.0.5195.52 (412c95e51883..., userDataDir: C:\\Users\\amity\\AppData\\Loca...}, goog:chromeOptions: {debuggerAddress: localhost:1520}, networkConnectionEnabled: false, pageLoadStrategy: normal, platformName: WINDOWS, proxy: Proxy(), se:cdp: ws://localhost:1520/devtool..., se:cdpVersion: 105.0.5195.127, setWindowRect: true, strictFileInteractability: false, timeouts: {implicit: 0, pageLoad: 300000, script: 30000}, unhandledPromptBehavior: dismiss and notify, webauthn:extension:credBlob: true, webauthn:extension:largeBlob: true, webauthn:virtualAuthenticators: true}\nElement: [[ChromeDriver: chrome on WINDOWS (3ff31d4cf6222276826df418cbb36f27)] -> xpath: //button[@id='new']]\nSession ID: 3ff31d4cf6222276826df418cbb36f27\r\n\tat java.base/jdk.internal.reflect.DirectConstructorHandleAccessor.newInstance(DirectConstructorHandleAccessor.java:67)\r\n\tat java.base/java.lang.reflect.Constructor.newInstanceWithCaller(Constructor.java:499)\r\n\tat java.base/java.lang.reflect.Constructor.newInstance(Constructor.java:483)\r\n\tat org.openqa.selenium.remote.codec.w3c.W3CHttpResponseCodec.createException(W3CHttpResponseCodec.java:200)\r\n\tat org.openqa.selenium.remote.codec.w3c.W3CHttpResponseCodec.decode(W3CHttpResponseCodec.java:133)\r\n\tat org.openqa.selenium.remote.codec.w3c.W3CHttpResponseCodec.decode(W3CHttpResponseCodec.java:53)\r\n\tat org.openqa.selenium.remote.HttpCommandExecutor.execute(HttpCommandExecutor.java:184)\r\n\tat org.openqa.selenium.remote.service.DriverCommandExecutor.invokeExecute(DriverCommandExecutor.java:167)\r\n\tat org.openqa.selenium.remote.service.DriverCommandExecutor.execute(DriverCommandExecutor.java:142)\r\n\tat org.openqa.selenium.remote.RemoteWebDriver.execute(RemoteWebDriver.java:551)\r\n\tat org.openqa.selenium.remote.RemoteWebElement.execute(RemoteWebElement.java:257)\r\n\tat org.openqa.selenium.remote.RemoteWebElement.click(RemoteWebElement.java:78)\r\n\tat java.base/jdk.internal.reflect.DirectMethodHandleAccessor.invoke(DirectMethodHandleAccessor.java:104)\r\n\tat java.base/java.lang.reflect.Method.invoke(Method.java:577)\r\n\tat org.openqa.selenium.support.pagefactory.internal.LocatingElementHandler.invoke(LocatingElementHandler.java:52)\r\n\tat jdk.proxy2/jdk.proxy2.$Proxy22.click(Unknown Source)\r\n\tat pageObjects.UserPage.ClickAddNewUsr(UserPage.java:302)\r\n\tat stepDefinitions.UserSteps.user_clicks_on_cancel_button(UserSteps.java:227)\r\n\tat ✽.The user Clicks on Cancel button(file:///C:/Users/amity/git/LMS_UI_Team13/./Features/User_Add.feature:25)\r\n"},"stage":"finished","steps":[{"name":"Given  User is logged on to LMS website","status":"passed","statusDetails":{"known":false,"muted":false,"flaky":false},"stage":"finished","steps":[],"attachments":[],"parameters":[],"start":1664314187827,"stop":1664314188065},{"name":"And  User is on \"User\" page","status":"passed","statusDetails":{"known":false,"muted":false,"flaky":false},"stage":"finished","steps":[],"attachments":[],"parameters":[],"start":1664314188065,"stop":1664314188123},{"name":"And  User clicks on add new user button","status":"passed","statusDetails":{"known":false,"muted":false,"flaky":false},"stage":"finished","steps":[],"attachments":[],"parameters":[],"start":1664314188123,"stop":1664314188278},{"name":"And  User Details frame pop up","status":"passed","statusDetails":{"known":false,"muted":false,"flaky":false},"stage":"finished","steps":[],"attachments":[],"parameters":[],"start":1664314188278,"stop":1664314191322},{"name":"When  The user Clicks on Cancel button","status":"broken","statusDetails":{"known":false,"muted":false,"flaky":false,"message":"element click intercepted: Element <button _ngcontent-axr-c149=\"\" pbutton=\"\" pripple=\"\" id=\"new\" label=\"Add New User\" icon=\"pi pi-plus\" class=\"p-button-rounded p-button-success p-button p-component\" ng-reflect-label=\"Add New User\" ng-reflect-icon=\"pi pi-plus\">...</button> is not clickable at point (739, 166). Other element would receive the click: <input _ngcontent-axr-c149=\"\" matinput=\"\" formcontrolname=\"lastName\" class=\"mat-input-element mat-form-field-autofill-control ng-tns-c78-11 ng-untouched ng-pristine ng-invalid cdk-text-field-autofill-monitored\" ng-reflect-placeholder=\"Last name\" ng-reflect-name=\"lastName\" id=\"mat-input-4\" data-placeholder=\"Last name\" aria-invalid=\"false\" aria-required=\"false\">\n  (Session info: chrome=105.0.5195.127)\nBuild info: version: '4.2.1', revision: 'ac4d0fdd4a'\nSystem info: host: 'DESKTOP-HT7K1N7', ip: '192.168.1.205', os.name: 'Windows 11', os.arch: 'amd64', os.version: '10.0', java.version: '18.0.1'\nDriver info: org.openqa.selenium.chrome.ChromeDriver\nCommand: [3ff31d4cf6222276826df418cbb36f27, clickElement {id=ac10813e-513e-4735-b7a0-de607adaa7fb}]\nCapabilities {acceptInsecureCerts: false, browserName: chrome, browserVersion: 105.0.5195.127, chrome: {chromedriverVersion: 105.0.5195.52 (412c95e51883..., userDataDir: C:\\Users\\amity\\AppData\\Loca...}, goog:chromeOptions: {debuggerAddress: localhost:1520}, networkConnectionEnabled: false, pageLoadStrategy: normal, platformName: WINDOWS, proxy: Proxy(), se:cdp: ws://localhost:1520/devtool..., se:cdpVersion: 105.0.5195.127, setWindowRect: true, strictFileInteractability: false, timeouts: {implicit: 0, pageLoad: 300000, script: 30000}, unhandledPromptBehavior: dismiss and notify, webauthn:extension:credBlob: true, webauthn:extension:largeBlob: true, webauthn:virtualAuthenticators: true}\nElement: [[ChromeDriver: chrome on WINDOWS (3ff31d4cf6222276826df418cbb36f27)] -> xpath: //button[@id='new']]\nSession ID: 3ff31d4cf6222276826df418cbb36f27","trace":"org.openqa.selenium.ElementClickInterceptedException: element click intercepted: Element <button _ngcontent-axr-c149=\"\" pbutton=\"\" pripple=\"\" id=\"new\" label=\"Add New User\" icon=\"pi pi-plus\" class=\"p-button-rounded p-button-success p-button p-component\" ng-reflect-label=\"Add New User\" ng-reflect-icon=\"pi pi-plus\">...</button> is not clickable at point (739, 166). Other element would receive the click: <input _ngcontent-axr-c149=\"\" matinput=\"\" formcontrolname=\"lastName\" class=\"mat-input-element mat-form-field-autofill-control ng-tns-c78-11 ng-untouched ng-pristine ng-invalid cdk-text-field-autofill-monitored\" ng-reflect-placeholder=\"Last name\" ng-reflect-name=\"lastName\" id=\"mat-input-4\" data-placeholder=\"Last name\" aria-invalid=\"false\" aria-required=\"false\">\n  (Session info: chrome=105.0.5195.127)\nBuild info: version: '4.2.1', revision: 'ac4d0fdd4a'\nSystem info: host: 'DESKTOP-HT7K1N7', ip: '192.168.1.205', os.name: 'Windows 11', os.arch: 'amd64', os.version: '10.0', java.version: '18.0.1'\nDriver info: org.openqa.selenium.chrome.ChromeDriver\nCommand: [3ff31d4cf6222276826df418cbb36f27, clickElement {id=ac10813e-513e-4735-b7a0-de607adaa7fb}]\nCapabilities {acceptInsecureCerts: false, browserName: chrome, browserVersion: 105.0.5195.127, chrome: {chromedriverVersion: 105.0.5195.52 (412c95e51883..., userDataDir: C:\\Users\\amity\\AppData\\Loca...}, goog:chromeOptions: {debuggerAddress: localhost:1520}, networkConnectionEnabled: false, pageLoadStrategy: normal, platformName: WINDOWS, proxy: Proxy(), se:cdp: ws://localhost:1520/devtool..., se:cdpVersion: 105.0.5195.127, setWindowRect: true, strictFileInteractability: false, timeouts: {implicit: 0, pageLoad: 300000, script: 30000}, unhandledPromptBehavior: dismiss and notify, webauthn:extension:credBlob: true, webauthn:extension:largeBlob: true, webauthn:virtualAuthenticators: true}\nElement: [[ChromeDriver: chrome on WINDOWS (3ff31d4cf6222276826df418cbb36f27)] -> xpath: //button[@id='new']]\nSession ID: 3ff31d4cf6222276826df418cbb36f27\r\n\tat java.base/jdk.internal.reflect.DirectConstructorHandleAccessor.newInstance(DirectConstructorHandleAccessor.java:67)\r\n\tat java.base/java.lang.reflect.Constructor.newInstanceWithCaller(Constructor.java:499)\r\n\tat java.base/java.lang.reflect.Constructor.newInstance(Constructor.java:483)\r\n\tat org.openqa.selenium.remote.codec.w3c.W3CHttpResponseCodec.createException(W3CHttpResponseCodec.java:200)\r\n\tat org.openqa.selenium.remote.codec.w3c.W3CHttpResponseCodec.decode(W3CHttpResponseCodec.java:133)\r\n\tat org.openqa.selenium.remote.codec.w3c.W3CHttpResponseCodec.decode(W3CHttpResponseCodec.java:53)\r\n\tat org.openqa.selenium.remote.HttpCommandExecutor.execute(HttpCommandExecutor.java:184)\r\n\tat org.openqa.selenium.remote.service.DriverCommandExecutor.invokeExecute(DriverCommandExecutor.java:167)\r\n\tat org.openqa.selenium.remote.service.DriverCommandExecutor.execute(DriverCommandExecutor.java:142)\r\n\tat org.openqa.selenium.remote.RemoteWebDriver.execute(RemoteWebDriver.java:551)\r\n\tat org.openqa.selenium.remote.RemoteWebElement.execute(RemoteWebElement.java:257)\r\n\tat org.openqa.selenium.remote.RemoteWebElement.click(RemoteWebElement.java:78)\r\n\tat java.base/jdk.internal.reflect.DirectMethodHandleAccessor.invoke(DirectMethodHandleAccessor.java:104)\r\n\tat java.base/java.lang.reflect.Method.invoke(Method.java:577)\r\n\tat org.openqa.selenium.support.pagefactory.internal.LocatingElementHandler.invoke(LocatingElementHandler.java:52)\r\n\tat jdk.proxy2/jdk.proxy2.$Proxy22.click(Unknown Source)\r\n\tat pageObjects.UserPage.ClickAddNewUsr(UserPage.java:302)\r\n\tat stepDefinitions.UserSteps.user_clicks_on_cancel_button(UserSteps.java:227)\r\n\tat ✽.The user Clicks on Cancel button(file:///C:/Users/amity/git/LMS_UI_Team13/./Features/User_Add.feature:25)\r\n"},"stage":"finished","steps":[],"attachments":[],"parameters":[],"start":1664314191322,"stop":1664314192405},{"name":"Then  User can see User Details form disappears","status":"skipped","statusDetails":{"known":false,"muted":false,"flaky":false},"stage":"finished","steps":[],"attachments":[],"parameters":[],"start":1664314192405,"stop":1664314192405}],"attachments":[],"parameters":[],"start":1664314184124,"stop":1664314192529}