{"uuid":"747dd5db-faed-44f2-bc10-9538e5e6b2a2","historyId":"669967d39bfe2a36d68dc733c8087d4e","fullName":"Add User: Verify newly added User","labels":[{"name":"host","value":"DESKTOP-HT7K1N7"},{"name":"thread","value":"9376@DESKTOP-HT7K1N7.main(1)"},{"name":"feature","value":"Add User"},{"name":"story","value":"Verify newly added User"},{"name":"suite","value":"Add User"},{"name":"testClass","value":"Verify newly added User"},{"name":"framework","value":"cucumber4jvm"},{"name":"language","value":"java"},{"name":"gherkin_uri","value":"file:///C:/Users/amity/git/LMS_UI_Team13/./Features/User_Add.feature"},{"name":"package","value":"Features.User_Add_feature.Add User"}],"links":[],"name":"Verify newly added User","status":"broken","statusDetails":{"known":false,"muted":false,"flaky":false,"message":"no such element: Unable to locate element: {\"method\":\"xpath\",\"selector\":\"//input[@id='mat-input-79']\"}\n  (Session info: chrome=105.0.5195.127)\nFor documentation on this error, please visit: https://selenium.dev/exceptions/#no_such_element\nBuild info: version: '4.2.1', revision: 'ac4d0fdd4a'\nSystem info: host: 'DESKTOP-HT7K1N7', ip: '192.168.1.205', os.name: 'Windows 11', os.arch: 'amd64', os.version: '10.0', java.version: '18.0.1'\nDriver info: org.openqa.selenium.chrome.ChromeDriver\nCommand: [af81e8c7701dfb1c57f1290e3cc7e251, findElement {using=xpath, value=//input[@id='mat-input-79']}]\nCapabilities {acceptInsecureCerts: false, browserName: chrome, browserVersion: 105.0.5195.127, chrome: {chromedriverVersion: 105.0.5195.52 (412c95e51883..., userDataDir: C:\\Users\\amity\\AppData\\Loca...}, goog:chromeOptions: {debuggerAddress: localhost:1446}, networkConnectionEnabled: false, pageLoadStrategy: normal, platformName: WINDOWS, proxy: Proxy(), se:cdp: ws://localhost:1446/devtool..., se:cdpVersion: 105.0.5195.127, setWindowRect: true, strictFileInteractability: false, timeouts: {implicit: 0, pageLoad: 300000, script: 30000}, unhandledPromptBehavior: dismiss and notify, webauthn:extension:credBlob: true, webauthn:extension:largeBlob: true, webauthn:virtualAuthenticators: true}\nSession ID: af81e8c7701dfb1c57f1290e3cc7e251","trace":"org.openqa.selenium.NoSuchElementException: no such element: Unable to locate element: {\"method\":\"xpath\",\"selector\":\"//input[@id='mat-input-79']\"}\n  (Session info: chrome=105.0.5195.127)\nFor documentation on this error, please visit: https://selenium.dev/exceptions/#no_such_element\nBuild info: version: '4.2.1', revision: 'ac4d0fdd4a'\nSystem info: host: 'DESKTOP-HT7K1N7', ip: '192.168.1.205', os.name: 'Windows 11', os.arch: 'amd64', os.version: '10.0', java.version: '18.0.1'\nDriver info: org.openqa.selenium.chrome.ChromeDriver\nCommand: [af81e8c7701dfb1c57f1290e3cc7e251, findElement {using=xpath, value=//input[@id='mat-input-79']}]\nCapabilities {acceptInsecureCerts: false, browserName: chrome, browserVersion: 105.0.5195.127, chrome: {chromedriverVersion: 105.0.5195.52 (412c95e51883..., userDataDir: C:\\Users\\amity\\AppData\\Loca...}, goog:chromeOptions: {debuggerAddress: localhost:1446}, networkConnectionEnabled: false, pageLoadStrategy: normal, platformName: WINDOWS, proxy: Proxy(), se:cdp: ws://localhost:1446/devtool..., se:cdpVersion: 105.0.5195.127, setWindowRect: true, strictFileInteractability: false, timeouts: {implicit: 0, pageLoad: 300000, script: 30000}, unhandledPromptBehavior: dismiss and notify, webauthn:extension:credBlob: true, webauthn:extension:largeBlob: true, webauthn:virtualAuthenticators: true}\nSession ID: af81e8c7701dfb1c57f1290e3cc7e251\r\n\tat java.base/jdk.internal.reflect.DirectConstructorHandleAccessor.newInstance(DirectConstructorHandleAccessor.java:67)\r\n\tat java.base/java.lang.reflect.Constructor.newInstanceWithCaller(Constructor.java:499)\r\n\tat java.base/java.lang.reflect.Constructor.newInstance(Constructor.java:483)\r\n\tat org.openqa.selenium.remote.codec.w3c.W3CHttpResponseCodec.createException(W3CHttpResponseCodec.java:200)\r\n\tat org.openqa.selenium.remote.codec.w3c.W3CHttpResponseCodec.decode(W3CHttpResponseCodec.java:133)\r\n\tat org.openqa.selenium.remote.codec.w3c.W3CHttpResponseCodec.decode(W3CHttpResponseCodec.java:53)\r\n\tat org.openqa.selenium.remote.HttpCommandExecutor.execute(HttpCommandExecutor.java:184)\r\n\tat org.openqa.selenium.remote.service.DriverCommandExecutor.invokeExecute(DriverCommandExecutor.java:167)\r\n\tat org.openqa.selenium.remote.service.DriverCommandExecutor.execute(DriverCommandExecutor.java:142)\r\n\tat org.openqa.selenium.remote.RemoteWebDriver.execute(RemoteWebDriver.java:551)\r\n\tat org.openqa.selenium.remote.ElementLocation$ElementFinder$2.findElement(ElementLocation.java:162)\r\n\tat org.openqa.selenium.remote.ElementLocation.findElement(ElementLocation.java:60)\r\n\tat org.openqa.selenium.remote.RemoteWebDriver.findElement(RemoteWebDriver.java:369)\r\n\tat org.openqa.selenium.remote.RemoteWebDriver.findElement(RemoteWebDriver.java:361)\r\n\tat org.openqa.selenium.support.pagefactory.DefaultElementLocator.findElement(DefaultElementLocator.java:70)\r\n\tat org.openqa.selenium.support.pagefactory.internal.LocatingElementHandler.invoke(LocatingElementHandler.java:39)\r\n\tat jdk.proxy2/jdk.proxy2.$Proxy22.clear(Unknown Source)\r\n\tat pageObjects.UserPage.InputValidDetails(UserPage.java:323)\r\n\tat stepDefinitions.UserSteps.user_enters_first_name_as_and_last_name_as_and_email_as_and_phone_number_as_and_email_as_and_batch_as_and_skill_as_and_username_as_and_password_as(UserSteps.java:191)\r\n\tat ✽.User enters First Name as \"<First Name>\" and Last Name as \"<Last Name>\" and Email as \"John_Smith22@gmail.com\" and Phone number as \"1234787877\" and Email as \"John_Smith22@gmail.com\" and Batch as \"SDET45\" and Skill as \"Java\" and Username as \"Jsk2121\" and Password as \"Password\"(file:///C:/Users/amity/git/LMS_UI_Team13/./Features/User_Add.feature:11)\r\n"},"stage":"finished","steps":[{"name":"Given  User is logged on to LMS website","status":"passed","statusDetails":{"known":false,"muted":false,"flaky":false},"stage":"finished","steps":[],"attachments":[],"parameters":[],"start":1664314150219,"stop":1664314150470},{"name":"And  User is on \"User\" page","status":"passed","statusDetails":{"known":false,"muted":false,"flaky":false},"stage":"finished","steps":[],"attachments":[],"parameters":[],"start":1664314150471,"stop":1664314150549},{"name":"And  User clicks on add new user button","status":"passed","statusDetails":{"known":false,"muted":false,"flaky":false},"stage":"finished","steps":[],"attachments":[],"parameters":[],"start":1664314150549,"stop":1664314150700},{"name":"And  User Details frame pop up","status":"passed","statusDetails":{"known":false,"muted":false,"flaky":false},"stage":"finished","steps":[],"attachments":[],"parameters":[],"start":1664314150700,"stop":1664314153750},{"name":"When  User enters First Name as \"<First Name>\" and Last Name as \"<Last Name>\" and Email as \"John_Smith22@gmail.com\" and Phone number as \"1234787877\" and Email as \"John_Smith22@gmail.com\" and Batch as \"SDET45\" and Skill as \"Java\" and Username as \"Jsk2121\" and Password as \"Password\"","status":"broken","statusDetails":{"known":false,"muted":false,"flaky":false,"message":"no such element: Unable to locate element: {\"method\":\"xpath\",\"selector\":\"//input[@id='mat-input-79']\"}\n  (Session info: chrome=105.0.5195.127)\nFor documentation on this error, please visit: https://selenium.dev/exceptions/#no_such_element\nBuild info: version: '4.2.1', revision: 'ac4d0fdd4a'\nSystem info: host: 'DESKTOP-HT7K1N7', ip: '192.168.1.205', os.name: 'Windows 11', os.arch: 'amd64', os.version: '10.0', java.version: '18.0.1'\nDriver info: org.openqa.selenium.chrome.ChromeDriver\nCommand: [af81e8c7701dfb1c57f1290e3cc7e251, findElement {using=xpath, value=//input[@id='mat-input-79']}]\nCapabilities {acceptInsecureCerts: false, browserName: chrome, browserVersion: 105.0.5195.127, chrome: {chromedriverVersion: 105.0.5195.52 (412c95e51883..., userDataDir: C:\\Users\\amity\\AppData\\Loca...}, goog:chromeOptions: {debuggerAddress: localhost:1446}, networkConnectionEnabled: false, pageLoadStrategy: normal, platformName: WINDOWS, proxy: Proxy(), se:cdp: ws://localhost:1446/devtool..., se:cdpVersion: 105.0.5195.127, setWindowRect: true, strictFileInteractability: false, timeouts: {implicit: 0, pageLoad: 300000, script: 30000}, unhandledPromptBehavior: dismiss and notify, webauthn:extension:credBlob: true, webauthn:extension:largeBlob: true, webauthn:virtualAuthenticators: true}\nSession ID: af81e8c7701dfb1c57f1290e3cc7e251","trace":"org.openqa.selenium.NoSuchElementException: no such element: Unable to locate element: {\"method\":\"xpath\",\"selector\":\"//input[@id='mat-input-79']\"}\n  (Session info: chrome=105.0.5195.127)\nFor documentation on this error, please visit: https://selenium.dev/exceptions/#no_such_element\nBuild info: version: '4.2.1', revision: 'ac4d0fdd4a'\nSystem info: host: 'DESKTOP-HT7K1N7', ip: '192.168.1.205', os.name: 'Windows 11', os.arch: 'amd64', os.version: '10.0', java.version: '18.0.1'\nDriver info: org.openqa.selenium.chrome.ChromeDriver\nCommand: [af81e8c7701dfb1c57f1290e3cc7e251, findElement {using=xpath, value=//input[@id='mat-input-79']}]\nCapabilities {acceptInsecureCerts: false, browserName: chrome, browserVersion: 105.0.5195.127, chrome: {chromedriverVersion: 105.0.5195.52 (412c95e51883..., userDataDir: C:\\Users\\amity\\AppData\\Loca...}, goog:chromeOptions: {debuggerAddress: localhost:1446}, networkConnectionEnabled: false, pageLoadStrategy: normal, platformName: WINDOWS, proxy: Proxy(), se:cdp: ws://localhost:1446/devtool..., se:cdpVersion: 105.0.5195.127, setWindowRect: true, strictFileInteractability: false, timeouts: {implicit: 0, pageLoad: 300000, script: 30000}, unhandledPromptBehavior: dismiss and notify, webauthn:extension:credBlob: true, webauthn:extension:largeBlob: true, webauthn:virtualAuthenticators: true}\nSession ID: af81e8c7701dfb1c57f1290e3cc7e251\r\n\tat java.base/jdk.internal.reflect.DirectConstructorHandleAccessor.newInstance(DirectConstructorHandleAccessor.java:67)\r\n\tat java.base/java.lang.reflect.Constructor.newInstanceWithCaller(Constructor.java:499)\r\n\tat java.base/java.lang.reflect.Constructor.newInstance(Constructor.java:483)\r\n\tat org.openqa.selenium.remote.codec.w3c.W3CHttpResponseCodec.createException(W3CHttpResponseCodec.java:200)\r\n\tat org.openqa.selenium.remote.codec.w3c.W3CHttpResponseCodec.decode(W3CHttpResponseCodec.java:133)\r\n\tat org.openqa.selenium.remote.codec.w3c.W3CHttpResponseCodec.decode(W3CHttpResponseCodec.java:53)\r\n\tat org.openqa.selenium.remote.HttpCommandExecutor.execute(HttpCommandExecutor.java:184)\r\n\tat org.openqa.selenium.remote.service.DriverCommandExecutor.invokeExecute(DriverCommandExecutor.java:167)\r\n\tat org.openqa.selenium.remote.service.DriverCommandExecutor.execute(DriverCommandExecutor.java:142)\r\n\tat org.openqa.selenium.remote.RemoteWebDriver.execute(RemoteWebDriver.java:551)\r\n\tat org.openqa.selenium.remote.ElementLocation$ElementFinder$2.findElement(ElementLocation.java:162)\r\n\tat org.openqa.selenium.remote.ElementLocation.findElement(ElementLocation.java:60)\r\n\tat org.openqa.selenium.remote.RemoteWebDriver.findElement(RemoteWebDriver.java:369)\r\n\tat org.openqa.selenium.remote.RemoteWebDriver.findElement(RemoteWebDriver.java:361)\r\n\tat org.openqa.selenium.support.pagefactory.DefaultElementLocator.findElement(DefaultElementLocator.java:70)\r\n\tat org.openqa.selenium.support.pagefactory.internal.LocatingElementHandler.invoke(LocatingElementHandler.java:39)\r\n\tat jdk.proxy2/jdk.proxy2.$Proxy22.clear(Unknown Source)\r\n\tat pageObjects.UserPage.InputValidDetails(UserPage.java:323)\r\n\tat stepDefinitions.UserSteps.user_enters_first_name_as_and_last_name_as_and_email_as_and_phone_number_as_and_email_as_and_batch_as_and_skill_as_and_username_as_and_password_as(UserSteps.java:191)\r\n\tat ✽.User enters First Name as \"<First Name>\" and Last Name as \"<Last Name>\" and Email as \"John_Smith22@gmail.com\" and Phone number as \"1234787877\" and Email as \"John_Smith22@gmail.com\" and Batch as \"SDET45\" and Skill as \"Java\" and Username as \"Jsk2121\" and Password as \"Password\"(file:///C:/Users/amity/git/LMS_UI_Team13/./Features/User_Add.feature:11)\r\n"},"stage":"finished","steps":[],"attachments":[],"parameters":[],"start":1664314153750,"stop":1664314163814},{"name":"And  The user clicks on \"Save\" button","status":"skipped","statusDetails":{"known":false,"muted":false,"flaky":false},"stage":"finished","steps":[],"attachments":[],"parameters":[],"start":1664314163814,"stop":1664314163816},{"name":"Then  Message displayed : \"User created\"","status":"skipped","statusDetails":{"known":false,"muted":false,"flaky":false},"stage":"finished","steps":[],"attachments":[],"parameters":[],"start":1664314163816,"stop":1664314163816}],"attachments":[],"parameters":[{"name":"FistName","value":"John"},{"name":"LastName","value":"Smith"},{"name":"Email","value":"John_Smith22@gmail.com"},{"name":"Phno","value":"1234787877"},{"name":"Batch","value":"SDET45"},{"name":"Skill","value":"Java"},{"name":"Username","value":"Jsk2121"},{"name":"Password","value":"learnjava"}],"start":1664314145959,"stop":1664314163968}