{"uuid":"be4b3cd5-690b-4e69-9ac3-035297ea194b","historyId":"86837bb180bdd98d2cf06af3f3b06f96","fullName":"Pagination: Verify next link on the last page","labels":[{"name":"host","value":"DESKTOP-HT7K1N7"},{"name":"thread","value":"9376@DESKTOP-HT7K1N7.main(1)"},{"name":"feature","value":"Pagination"},{"name":"story","value":"Verify next link on the last page"},{"name":"suite","value":"Pagination"},{"name":"testClass","value":"Verify next link on the last page"},{"name":"framework","value":"cucumber4jvm"},{"name":"language","value":"java"},{"name":"gherkin_uri","value":"file:///C:/Users/amity/git/LMS_UI_Team13/./Features/User_Pagination.feature"},{"name":"package","value":"Features.User_Pagination_feature.Pagination"}],"links":[],"name":"Verify next link on the last page","status":"broken","statusDetails":{"known":false,"muted":false,"flaky":false,"message":"element click intercepted: Element <button type=\"button\" pripple=\"\" class=\"p-paginator-last p-paginator-element p-link p-disabled p-ripple ng-star-inserted\" disabled=\"\" ng-reflect-ng-class=\"[object Object]\">...</button> is not clickable at point (782, 559). Other element would receive the click: <div class=\"p-paginator-bottom p-paginator p-component ng-star-inserted\" ng-reflect-ng-class=\"p-paginator p-component\">...</div>\n  (Session info: chrome=105.0.5195.127)\nBuild info: version: '4.2.1', revision: 'ac4d0fdd4a'\nSystem info: host: 'DESKTOP-HT7K1N7', ip: '192.168.1.205', os.name: 'Windows 11', os.arch: 'amd64', os.version: '10.0', java.version: '18.0.1'\nDriver info: org.openqa.selenium.chrome.ChromeDriver\nCommand: [31fdfed601f2f62ea0becae1094bda9a, clickElement {id=55044654-120d-4059-9750-497f9eeb2e55}]\nCapabilities {acceptInsecureCerts: false, browserName: chrome, browserVersion: 105.0.5195.127, chrome: {chromedriverVersion: 105.0.5195.52 (412c95e51883..., userDataDir: C:\\Users\\amity\\AppData\\Loca...}, goog:chromeOptions: {debuggerAddress: localhost:1715}, networkConnectionEnabled: false, pageLoadStrategy: normal, platformName: WINDOWS, proxy: Proxy(), se:cdp: ws://localhost:1715/devtool..., se:cdpVersion: 105.0.5195.127, setWindowRect: true, strictFileInteractability: false, timeouts: {implicit: 0, pageLoad: 300000, script: 30000}, unhandledPromptBehavior: dismiss and notify, webauthn:extension:credBlob: true, webauthn:extension:largeBlob: true, webauthn:virtualAuthenticators: true}\nElement: [[ChromeDriver: chrome on WINDOWS (31fdfed601f2f62ea0becae1094bda9a)] -> xpath: //body/app-root[1]/app-user[1]/div[1]/mat-card[1]/mat-card-content[1]/p-table[1]/div[1]/p-paginator[1]/div[1]/button[4]]\nSession ID: 31fdfed601f2f62ea0becae1094bda9a","trace":"org.openqa.selenium.ElementClickInterceptedException: element click intercepted: Element <button type=\"button\" pripple=\"\" class=\"p-paginator-last p-paginator-element p-link p-disabled p-ripple ng-star-inserted\" disabled=\"\" ng-reflect-ng-class=\"[object Object]\">...</button> is not clickable at point (782, 559). Other element would receive the click: <div class=\"p-paginator-bottom p-paginator p-component ng-star-inserted\" ng-reflect-ng-class=\"p-paginator p-component\">...</div>\n  (Session info: chrome=105.0.5195.127)\nBuild info: version: '4.2.1', revision: 'ac4d0fdd4a'\nSystem info: host: 'DESKTOP-HT7K1N7', ip: '192.168.1.205', os.name: 'Windows 11', os.arch: 'amd64', os.version: '10.0', java.version: '18.0.1'\nDriver info: org.openqa.selenium.chrome.ChromeDriver\nCommand: [31fdfed601f2f62ea0becae1094bda9a, clickElement {id=55044654-120d-4059-9750-497f9eeb2e55}]\nCapabilities {acceptInsecureCerts: false, browserName: chrome, browserVersion: 105.0.5195.127, chrome: {chromedriverVersion: 105.0.5195.52 (412c95e51883..., userDataDir: C:\\Users\\amity\\AppData\\Loca...}, goog:chromeOptions: {debuggerAddress: localhost:1715}, networkConnectionEnabled: false, pageLoadStrategy: normal, platformName: WINDOWS, proxy: Proxy(), se:cdp: ws://localhost:1715/devtool..., se:cdpVersion: 105.0.5195.127, setWindowRect: true, strictFileInteractability: false, timeouts: {implicit: 0, pageLoad: 300000, script: 30000}, unhandledPromptBehavior: dismiss and notify, webauthn:extension:credBlob: true, webauthn:extension:largeBlob: true, webauthn:virtualAuthenticators: true}\nElement: [[ChromeDriver: chrome on WINDOWS (31fdfed601f2f62ea0becae1094bda9a)] -> xpath: //body/app-root[1]/app-user[1]/div[1]/mat-card[1]/mat-card-content[1]/p-table[1]/div[1]/p-paginator[1]/div[1]/button[4]]\nSession ID: 31fdfed601f2f62ea0becae1094bda9a\r\n\tat java.base/jdk.internal.reflect.DirectConstructorHandleAccessor.newInstance(DirectConstructorHandleAccessor.java:67)\r\n\tat java.base/java.lang.reflect.Constructor.newInstanceWithCaller(Constructor.java:499)\r\n\tat java.base/java.lang.reflect.Constructor.newInstance(Constructor.java:483)\r\n\tat org.openqa.selenium.remote.codec.w3c.W3CHttpResponseCodec.createException(W3CHttpResponseCodec.java:200)\r\n\tat org.openqa.selenium.remote.codec.w3c.W3CHttpResponseCodec.decode(W3CHttpResponseCodec.java:133)\r\n\tat org.openqa.selenium.remote.codec.w3c.W3CHttpResponseCodec.decode(W3CHttpResponseCodec.java:53)\r\n\tat org.openqa.selenium.remote.HttpCommandExecutor.execute(HttpCommandExecutor.java:184)\r\n\tat org.openqa.selenium.remote.service.DriverCommandExecutor.invokeExecute(DriverCommandExecutor.java:167)\r\n\tat org.openqa.selenium.remote.service.DriverCommandExecutor.execute(DriverCommandExecutor.java:142)\r\n\tat org.openqa.selenium.remote.RemoteWebDriver.execute(RemoteWebDriver.java:551)\r\n\tat org.openqa.selenium.remote.RemoteWebElement.execute(RemoteWebElement.java:257)\r\n\tat org.openqa.selenium.remote.RemoteWebElement.click(RemoteWebElement.java:78)\r\n\tat java.base/jdk.internal.reflect.DirectMethodHandleAccessor.invoke(DirectMethodHandleAccessor.java:104)\r\n\tat java.base/java.lang.reflect.Method.invoke(Method.java:577)\r\n\tat org.openqa.selenium.support.pagefactory.internal.LocatingElementHandler.invoke(LocatingElementHandler.java:52)\r\n\tat jdk.proxy2/jdk.proxy2.$Proxy22.click(Unknown Source)\r\n\tat pageObjects.UserPage.ClickLastPageLink(UserPage.java:279)\r\n\tat stepDefinitions.UserSteps.user_is_on_last_page_of_manage_user(UserSteps.java:129)\r\n\tat ✽.User is on last page of Manage User(file:///C:/Users/amity/git/LMS_UI_Team13/./Features/User_Pagination.feature:32)\r\n"},"stage":"finished","steps":[{"name":"Given  User is logged on to LMS website","status":"passed","statusDetails":{"known":false,"muted":false,"flaky":false},"stage":"finished","steps":[],"attachments":[],"parameters":[],"start":1664314237847,"stop":1664314238112},{"name":"And  User is on \"User\" page","status":"passed","statusDetails":{"known":false,"muted":false,"flaky":false},"stage":"finished","steps":[],"attachments":[],"parameters":[],"start":1664314238112,"stop":1664314238172},{"name":"When  User is on last page of Manage User","status":"broken","statusDetails":{"known":false,"muted":false,"flaky":false,"message":"element click intercepted: Element <button type=\"button\" pripple=\"\" class=\"p-paginator-last p-paginator-element p-link p-disabled p-ripple ng-star-inserted\" disabled=\"\" ng-reflect-ng-class=\"[object Object]\">...</button> is not clickable at point (782, 559). Other element would receive the click: <div class=\"p-paginator-bottom p-paginator p-component ng-star-inserted\" ng-reflect-ng-class=\"p-paginator p-component\">...</div>\n  (Session info: chrome=105.0.5195.127)\nBuild info: version: '4.2.1', revision: 'ac4d0fdd4a'\nSystem info: host: 'DESKTOP-HT7K1N7', ip: '192.168.1.205', os.name: 'Windows 11', os.arch: 'amd64', os.version: '10.0', java.version: '18.0.1'\nDriver info: org.openqa.selenium.chrome.ChromeDriver\nCommand: [31fdfed601f2f62ea0becae1094bda9a, clickElement {id=55044654-120d-4059-9750-497f9eeb2e55}]\nCapabilities {acceptInsecureCerts: false, browserName: chrome, browserVersion: 105.0.5195.127, chrome: {chromedriverVersion: 105.0.5195.52 (412c95e51883..., userDataDir: C:\\Users\\amity\\AppData\\Loca...}, goog:chromeOptions: {debuggerAddress: localhost:1715}, networkConnectionEnabled: false, pageLoadStrategy: normal, platformName: WINDOWS, proxy: Proxy(), se:cdp: ws://localhost:1715/devtool..., se:cdpVersion: 105.0.5195.127, setWindowRect: true, strictFileInteractability: false, timeouts: {implicit: 0, pageLoad: 300000, script: 30000}, unhandledPromptBehavior: dismiss and notify, webauthn:extension:credBlob: true, webauthn:extension:largeBlob: true, webauthn:virtualAuthenticators: true}\nElement: [[ChromeDriver: chrome on WINDOWS (31fdfed601f2f62ea0becae1094bda9a)] -> xpath: //body/app-root[1]/app-user[1]/div[1]/mat-card[1]/mat-card-content[1]/p-table[1]/div[1]/p-paginator[1]/div[1]/button[4]]\nSession ID: 31fdfed601f2f62ea0becae1094bda9a","trace":"org.openqa.selenium.ElementClickInterceptedException: element click intercepted: Element <button type=\"button\" pripple=\"\" class=\"p-paginator-last p-paginator-element p-link p-disabled p-ripple ng-star-inserted\" disabled=\"\" ng-reflect-ng-class=\"[object Object]\">...</button> is not clickable at point (782, 559). Other element would receive the click: <div class=\"p-paginator-bottom p-paginator p-component ng-star-inserted\" ng-reflect-ng-class=\"p-paginator p-component\">...</div>\n  (Session info: chrome=105.0.5195.127)\nBuild info: version: '4.2.1', revision: 'ac4d0fdd4a'\nSystem info: host: 'DESKTOP-HT7K1N7', ip: '192.168.1.205', os.name: 'Windows 11', os.arch: 'amd64', os.version: '10.0', java.version: '18.0.1'\nDriver info: org.openqa.selenium.chrome.ChromeDriver\nCommand: [31fdfed601f2f62ea0becae1094bda9a, clickElement {id=55044654-120d-4059-9750-497f9eeb2e55}]\nCapabilities {acceptInsecureCerts: false, browserName: chrome, browserVersion: 105.0.5195.127, chrome: {chromedriverVersion: 105.0.5195.52 (412c95e51883..., userDataDir: C:\\Users\\amity\\AppData\\Loca...}, goog:chromeOptions: {debuggerAddress: localhost:1715}, networkConnectionEnabled: false, pageLoadStrategy: normal, platformName: WINDOWS, proxy: Proxy(), se:cdp: ws://localhost:1715/devtool..., se:cdpVersion: 105.0.5195.127, setWindowRect: true, strictFileInteractability: false, timeouts: {implicit: 0, pageLoad: 300000, script: 30000}, unhandledPromptBehavior: dismiss and notify, webauthn:extension:credBlob: true, webauthn:extension:largeBlob: true, webauthn:virtualAuthenticators: true}\nElement: [[ChromeDriver: chrome on WINDOWS (31fdfed601f2f62ea0becae1094bda9a)] -> xpath: //body/app-root[1]/app-user[1]/div[1]/mat-card[1]/mat-card-content[1]/p-table[1]/div[1]/p-paginator[1]/div[1]/button[4]]\nSession ID: 31fdfed601f2f62ea0becae1094bda9a\r\n\tat java.base/jdk.internal.reflect.DirectConstructorHandleAccessor.newInstance(DirectConstructorHandleAccessor.java:67)\r\n\tat java.base/java.lang.reflect.Constructor.newInstanceWithCaller(Constructor.java:499)\r\n\tat java.base/java.lang.reflect.Constructor.newInstance(Constructor.java:483)\r\n\tat org.openqa.selenium.remote.codec.w3c.W3CHttpResponseCodec.createException(W3CHttpResponseCodec.java:200)\r\n\tat org.openqa.selenium.remote.codec.w3c.W3CHttpResponseCodec.decode(W3CHttpResponseCodec.java:133)\r\n\tat org.openqa.selenium.remote.codec.w3c.W3CHttpResponseCodec.decode(W3CHttpResponseCodec.java:53)\r\n\tat org.openqa.selenium.remote.HttpCommandExecutor.execute(HttpCommandExecutor.java:184)\r\n\tat org.openqa.selenium.remote.service.DriverCommandExecutor.invokeExecute(DriverCommandExecutor.java:167)\r\n\tat org.openqa.selenium.remote.service.DriverCommandExecutor.execute(DriverCommandExecutor.java:142)\r\n\tat org.openqa.selenium.remote.RemoteWebDriver.execute(RemoteWebDriver.java:551)\r\n\tat org.openqa.selenium.remote.RemoteWebElement.execute(RemoteWebElement.java:257)\r\n\tat org.openqa.selenium.remote.RemoteWebElement.click(RemoteWebElement.java:78)\r\n\tat java.base/jdk.internal.reflect.DirectMethodHandleAccessor.invoke(DirectMethodHandleAccessor.java:104)\r\n\tat java.base/java.lang.reflect.Method.invoke(Method.java:577)\r\n\tat org.openqa.selenium.support.pagefactory.internal.LocatingElementHandler.invoke(LocatingElementHandler.java:52)\r\n\tat jdk.proxy2/jdk.proxy2.$Proxy22.click(Unknown Source)\r\n\tat pageObjects.UserPage.ClickLastPageLink(UserPage.java:279)\r\n\tat stepDefinitions.UserSteps.user_is_on_last_page_of_manage_user(UserSteps.java:129)\r\n\tat ✽.User is on last page of Manage User(file:///C:/Users/amity/git/LMS_UI_Team13/./Features/User_Pagination.feature:32)\r\n"},"stage":"finished","steps":[],"attachments":[],"parameters":[],"start":1664314238172,"stop":1664314242263},{"name":"Then  Verify that next link is disabled","status":"skipped","statusDetails":{"known":false,"muted":false,"flaky":false},"stage":"finished","steps":[],"attachments":[],"parameters":[],"start":1664314242264,"stop":1664314242264}],"attachments":[],"parameters":[],"start":1664314234412,"stop":1664314242387}